  main.cpp
C:\Users\fmojt\Documents\Software Projects\C++\PKS_network_analyzer\PKS_network_analyzer\main.cpp(2613,36): warning C4267: 'initializing': conversion from 'size_t' to 'u_int', possible loss of data
C:\Users\fmojt\Documents\Software Projects\C++\PKS_network_analyzer\PKS_network_analyzer\main.cpp(2613,20): warning C4267: 'initializing': conversion from 'size_t' to 'const u_int', possible loss of data
C:\Users\fmojt\Documents\Software Projects\C++\PKS_network_analyzer\PKS_network_analyzer\main.cpp(2631,36): warning C4267: 'initializing': conversion from 'size_t' to 'u_int', possible loss of data
C:\Users\fmojt\Documents\Software Projects\C++\PKS_network_analyzer\PKS_network_analyzer\main.cpp(2631,20): warning C4267: 'initializing': conversion from 'size_t' to 'const u_int', possible loss of data
C:\Users\fmojt\Documents\Software Projects\C++\PKS_network_analyzer\PKS_network_analyzer\main.cpp(2633,21): warning C4018: '<': signed/unsigned mismatch
C:\Users\fmojt\Documents\Software Projects\C++\PKS_network_analyzer\PKS_network_analyzer\main.cpp(2635,57): warning C4267: 'initializing': conversion from 'size_t' to 'u_int', possible loss of data
C:\Users\fmojt\Documents\Software Projects\C++\PKS_network_analyzer\PKS_network_analyzer\main.cpp(2635,25): warning C4267: 'initializing': conversion from 'size_t' to 'const u_int', possible loss of data
C:\Users\fmojt\Documents\Software Projects\C++\PKS_network_analyzer\PKS_network_analyzer\main.cpp(2704,17): warning C4267: 'initializing': conversion from 'size_t' to 'u_int', possible loss of data
C:\Users\fmojt\Documents\Software Projects\C++\PKS_network_analyzer\PKS_network_analyzer\main.cpp(2724,17): warning C4267: 'initializing': conversion from 'size_t' to 'u_int', possible loss of data
C:\Users\fmojt\Documents\Software Projects\C++\PKS_network_analyzer\PKS_network_analyzer\main.cpp(2746,41): warning C4267: 'initializing': conversion from 'size_t' to 'u_int', possible loss of data
C:\Users\fmojt\Documents\Software Projects\C++\PKS_network_analyzer\PKS_network_analyzer\main.cpp(2746,19): warning C4267: 'initializing': conversion from 'size_t' to 'const u_int', possible loss of data
C:\Users\fmojt\Documents\Software Projects\C++\PKS_network_analyzer\PKS_network_analyzer\main.cpp(2784,63): warning C4267: 'initializing': conversion from 'size_t' to 'u_int', possible loss of data
C:\Users\fmojt\Documents\Software Projects\C++\PKS_network_analyzer\PKS_network_analyzer\main.cpp(2784,25): warning C4267: 'initializing': conversion from 'size_t' to 'const u_int', possible loss of data
C:\Users\fmojt\Documents\Software Projects\C++\PKS_network_analyzer\PKS_network_analyzer\main.cpp(2849,37): warning C4267: 'initializing': conversion from 'size_t' to 'u_int', possible loss of data
C:\Users\fmojt\Documents\Software Projects\C++\PKS_network_analyzer\PKS_network_analyzer\main.cpp(2849,25): warning C4267: 'initializing': conversion from 'size_t' to 'const u_int', possible loss of data
C:\Users\fmojt\Documents\Software Projects\C++\PKS_network_analyzer\PKS_network_analyzer\main.cpp(2853,51): warning C4267: 'initializing': conversion from 'size_t' to 'u_int', possible loss of data
C:\Users\fmojt\Documents\Software Projects\C++\PKS_network_analyzer\PKS_network_analyzer\main.cpp(2853,24): warning C4267: 'initializing': conversion from 'size_t' to 'const u_int', possible loss of data
C:\Users\fmojt\Documents\Software Projects\C++\PKS_network_analyzer\PKS_network_analyzer\main.cpp(2872,39): warning C4267: 'initializing': conversion from 'size_t' to 'u_int', possible loss of data
C:\Users\fmojt\Documents\Software Projects\C++\PKS_network_analyzer\PKS_network_analyzer\main.cpp(2872,19): warning C4267: 'initializing': conversion from 'size_t' to 'const u_int', possible loss of data
C:\Users\fmojt\Documents\Software Projects\C++\PKS_network_analyzer\PKS_network_analyzer\main.cpp(2904,37): warning C4267: 'initializing': conversion from 'size_t' to 'u_int', possible loss of data
C:\Users\fmojt\Documents\Software Projects\C++\PKS_network_analyzer\PKS_network_analyzer\main.cpp(2904,25): warning C4267: 'initializing': conversion from 'size_t' to 'const u_int', possible loss of data
C:\Users\fmojt\Documents\Software Projects\C++\PKS_network_analyzer\PKS_network_analyzer\main.cpp(2991,34): warning C4267: 'initializing': conversion from 'size_t' to 'int', possible loss of data
C:\Users\fmojt\Documents\Software Projects\C++\PKS_network_analyzer\PKS_network_analyzer\main.cpp(2991,18): warning C4267: 'initializing': conversion from 'size_t' to 'const int', possible loss of data
C:\Users\fmojt\Documents\Software Projects\C++\PKS_network_analyzer\PKS_network_analyzer\main.cpp(3082,41): warning C4267: 'initializing': conversion from 'size_t' to 'int', possible loss of data
C:\Users\fmojt\Documents\Software Projects\C++\PKS_network_analyzer\PKS_network_analyzer\main.cpp(3082,21): warning C4267: 'initializing': conversion from 'size_t' to 'const int', possible loss of data
C:\Users\fmojt\Documents\Software Projects\C++\PKS_network_analyzer\PKS_network_analyzer\main.cpp(3094,34): warning C4267: 'initializing': conversion from 'size_t' to 'int', possible loss of data
C:\Users\fmojt\Documents\Software Projects\C++\PKS_network_analyzer\PKS_network_analyzer\main.cpp(3094,18): warning C4267: 'initializing': conversion from 'size_t' to 'const int', possible loss of data
C:\Users\fmojt\Documents\Software Projects\C++\PKS_network_analyzer\PKS_network_analyzer\main.cpp(3123,14): warning C4267: 'initializing': conversion from 'size_t' to 'u_int', possible loss of data
C:\Users\fmojt\Documents\Software Projects\C++\PKS_network_analyzer\PKS_network_analyzer\main.cpp(3134,19): warning C4267: 'initializing': conversion from 'size_t' to 'u_int', possible loss of data
C:\Users\fmojt\Documents\Software Projects\C++\PKS_network_analyzer\PKS_network_analyzer\main.cpp(3159,19): warning C4267: 'initializing': conversion from 'size_t' to 'u_int', possible loss of data
C:\Users\fmojt\Documents\Software Projects\C++\PKS_network_analyzer\PKS_network_analyzer\main.cpp(3167,43): warning C4267: 'initializing': conversion from 'size_t' to 'u_int', possible loss of data
C:\Users\fmojt\Documents\Software Projects\C++\PKS_network_analyzer\PKS_network_analyzer\main.cpp(3167,20): warning C4267: 'initializing': conversion from 'size_t' to 'const u_int', possible loss of data
C:\Users\fmojt\Documents\Software Projects\C++\PKS_network_analyzer\PKS_network_analyzer\main.cpp(3180,62): warning C4267: 'initializing': conversion from 'size_t' to 'u_int', possible loss of data
C:\Users\fmojt\Documents\Software Projects\C++\PKS_network_analyzer\PKS_network_analyzer\main.cpp(3180,25): warning C4267: 'initializing': conversion from 'size_t' to 'const u_int', possible loss of data
C:\Users\fmojt\Documents\Software Projects\C++\PKS_network_analyzer\PKS_network_analyzer\main.cpp(3184,21): warning C4267: 'initializing': conversion from 'size_t' to 'u_int', possible loss of data
C:\Users\fmojt\Documents\Software Projects\C++\PKS_network_analyzer\PKS_network_analyzer\main.cpp(3190,75): warning C4267: '=': conversion from 'size_t' to 'u_int', possible loss of data
C:\Users\fmojt\Documents\Software Projects\C++\PKS_network_analyzer\PKS_network_analyzer\main.cpp(3221,70): warning C4267: 'initializing': conversion from 'size_t' to 'u_int', possible loss of data
C:\Users\fmojt\Documents\Software Projects\C++\PKS_network_analyzer\PKS_network_analyzer\main.cpp(3221,31): warning C4267: 'initializing': conversion from 'size_t' to 'const u_int', possible loss of data
C:\Users\fmojt\Documents\Software Projects\C++\PKS_network_analyzer\PKS_network_analyzer\main.cpp(3224,82): warning C4267: 'initializing': conversion from 'size_t' to 'u_int', possible loss of data
C:\Users\fmojt\Documents\Software Projects\C++\PKS_network_analyzer\PKS_network_analyzer\main.cpp(3224,27): warning C4267: 'initializing': conversion from 'size_t' to 'const u_int', possible loss of data
C:\Users\fmojt\Documents\Software Projects\C++\PKS_network_analyzer\PKS_network_analyzer\main.cpp(3233,36): warning C4267: 'initializing': conversion from 'size_t' to 'u_int', possible loss of data
C:\Users\fmojt\Documents\Software Projects\C++\PKS_network_analyzer\PKS_network_analyzer\main.cpp(3233,20): warning C4267: 'initializing': conversion from 'size_t' to 'const u_int', possible loss of data
C:\Users\fmojt\Documents\Software Projects\C++\PKS_network_analyzer\PKS_network_analyzer\main.cpp(3239,19): warning C4267: 'initializing': conversion from 'size_t' to 'u_int', possible loss of data
C:\Users\fmojt\Documents\Software Projects\C++\PKS_network_analyzer\PKS_network_analyzer\main.cpp(3060): warning C4715: 'process_tcp_req': not all control paths return a value
  PKS_network_analyzer.vcxproj -> C:\Users\fmojt\Documents\Software Projects\C++\PKS_network_analyzer\x64\Debug\PKS_network_analyzer.exe
